# JRE version: OpenJDK Runtime Environment (11.0.13) (build 11.0.13+0-b1751.21-8125866)
# Java VM: OpenJDK 64-Bit Server VM (11.0.13+0-b1751.21-8125866, mixed mode, tiered, compressed oops, g1 gc, windows-amd64)
Heap:
 garbage-first heap   total 258048K, used 138128K [0x0000000080000000, 0x0000000100000000)
  region size 1024K, 45 young (46080K), 8 survivors (8192K)
 Metaspace       used 96486K, capacity 98853K, committed 99024K, reserved 1134592K
  class space    used 12392K, capacity 13313K, committed 13440K, reserved 1048576K
GC Heap History (20 events):
Event: 10.124 GC heap before
{Heap before GC invocations=14 (full 0):
 garbage-first heap   total 258048K, used 195626K [0x0000000080000000, 0x0000000100000000)
  region size 1024K, 138 young (141312K), 3 survivors (3072K)
 Metaspace       used 64551K, capacity 66151K, committed 66384K, reserved 1107968K
  class space    used 8077K, capacity 8661K, committed 8704K, reserved 1048576K
}
Event: 10.130 GC heap after
{Heap after GC invocations=15 (full 0):
 garbage-first heap   total 258048K, used 57097K [0x0000000080000000, 0x0000000100000000)
  region size 1024K, 9 young (9216K), 9 survivors (9216K)
 Metaspace       used 64551K, capacity 66151K, committed 66384K, reserved 1107968K
  class space    used 8077K, capacity 8661K, committed 8704K, reserved 1048576K
}
Event: 11.067 GC heap before
{Heap before GC invocations=15 (full 0):
 garbage-first heap   total 258048K, used 195337K [0x0000000080000000, 0x0000000100000000)
  region size 1024K, 143 young (146432K), 9 survivors (9216K)
 Metaspace       used 69097K, capacity 70716K, committed 70864K, reserved 1112064K
  class space    used 8671K, capacity 9258K, committed 9344K, reserved 1048576K
}
Event: 11.075 GC heap after
{Heap after GC invocations=16 (full 0):
 garbage-first heap   total 258048K, used 61084K [0x0000000080000000, 0x0000000100000000)
  region size 1024K, 13 young (13312K), 13 survivors (13312K)
 Metaspace       used 69097K, capacity 70716K, committed 70864K, reserved 1112064K
  class space    used 8671K, capacity 9258K, committed 9344K, reserved 1048576K
}
Event: 11.809 GC heap before
{Heap before GC invocations=16 (full 0):
 garbage-first heap   total 258048K, used 199324K [0x0000000080000000, 0x0000000100000000)
  region size 1024K, 148 young (151552K), 13 survivors (13312K)
 Metaspace       used 74482K, capacity 76161K, committed 76368K, reserved 1116160K
  class space    used 9513K, capacity 10136K, committed 10240K, reserved 1048576K
}
Event: 11.817 GC heap after
{Heap after GC invocations=17 (full 0):
 garbage-first heap   total 258048K, used 65859K [0x0000000080000000, 0x0000000100000000)
  region size 1024K, 10 young (10240K), 10 survivors (10240K)
 Metaspace       used 74482K, capacity 76161K, committed 76368K, reserved 1116160K
  class space    used 9513K, capacity 10136K, committed 10240K, reserved 1048576K
}
Event: 12.758 GC heap before
{Heap before GC invocations=17 (full 0):
 garbage-first heap   total 258048K, used 202051K [0x0000000080000000, 0x0000000100000000)
  region size 1024K, 144 young (147456K), 10 survivors (10240K)
 Metaspace       used 79056K, capacity 80776K, committed 80848K, reserved 1120256K
  class space    used 10174K, capacity 10864K, committed 10880K, reserved 1048576K
}
Event: 12.767 GC heap after
{Heap after GC invocations=18 (full 0):
 garbage-first heap   total 258048K, used 70710K [0x0000000080000000, 0x0000000100000000)
  region size 1024K, 14 young (14336K), 14 survivors (14336K)
 Metaspace       used 79056K, capacity 80776K, committed 80848K, reserved 1120256K
  class space    used 10174K, capacity 10864K, committed 10880K, reserved 1048576K
}
Event: 13.665 GC heap before
{Heap before GC invocations=18 (full 0):
 garbage-first heap   total 258048K, used 206902K [0x0000000080000000, 0x0000000100000000)
  region size 1024K, 147 young (150528K), 14 survivors (14336K)
 Metaspace       used 84684K, capacity 86579K, committed 86864K, reserved 1124352K
  class space    used 10910K, capacity 11663K, committed 11776K, reserved 1048576K
}
Event: 13.677 GC heap after
{Heap after GC invocations=19 (full 0):
 garbage-first heap   total 258048K, used 76228K [0x0000000080000000, 0x0000000100000000)
  region size 1024K, 16 young (16384K), 16 survivors (16384K)
 Metaspace       used 84684K, capacity 86579K, committed 86864K, reserved 1124352K
  class space    used 10910K, capacity 11663K, committed 11776K, reserved 1048576K
}
Event: 15.533 GC heap before
{Heap before GC invocations=19 (full 0):
 garbage-first heap   total 258048K, used 207300K [0x0000000080000000, 0x0000000100000000)
  region size 1024K, 145 young (148480K), 16 survivors (16384K)
 Metaspace       used 88074K, capacity 90327K, committed 90576K, reserved 1128448K
  class space    used 11414K, capacity 12317K, committed 12416K, reserved 1048576K
}
Event: 15.549 GC heap after
{Heap after GC invocations=20 (full 0):
 garbage-first heap   total 258048K, used 83967K [0x0000000080000000, 0x0000000100000000)
  region size 1024K, 14 young (14336K), 14 survivors (14336K)
 Metaspace       used 88074K, capacity 90327K, committed 90576K, reserved 1128448K
  class space    used 11414K, capacity 12317K, committed 12416K, reserved 1048576K
}
Event: 16.802 GC heap before
{Heap before GC invocations=20 (full 0):
 garbage-first heap   total 258048K, used 208895K [0x0000000080000000, 0x0000000100000000)
  region size 1024K, 137 young (140288K), 14 survivors (14336K)
 Metaspace       used 89867K, capacity 92156K, committed 92240K, reserved 1128448K
  class space    used 11638K, capacity 12541K, committed 12544K, reserved 1048576K
}
Event: 16.813 GC heap after
{Heap after GC invocations=21 (full 0):
 garbage-first heap   total 258048K, used 90071K [0x0000000080000000, 0x0000000100000000)
  region size 1024K, 14 young (14336K), 14 survivors (14336K)
 Metaspace       used 89867K, capacity 92156K, committed 92240K, reserved 1128448K
  class space    used 11638K, capacity 12541K, committed 12544K, reserved 1048576K
}
Event: 17.312 GC heap before
{Heap before GC invocations=21 (full 0):
 garbage-first heap   total 258048K, used 210903K [0x0000000080000000, 0x0000000100000000)
  region size 1024K, 133 young (136192K), 14 survivors (14336K)
 Metaspace       used 94120K, capacity 96444K, committed 96592K, reserved 1132544K
  class space    used 12152K, capacity 13053K, committed 13056K, reserved 1048576K
}
Event: 17.322 GC heap after
{Heap after GC invocations=22 (full 0):
 garbage-first heap   total 258048K, used 93830K [0x0000000080000000, 0x0000000100000000)
  region size 1024K, 10 young (10240K), 10 survivors (10240K)
 Metaspace       used 94120K, capacity 96444K, committed 96592K, reserved 1132544K
  class space    used 12152K, capacity 13053K, committed 13056K, reserved 1048576K
}
Event: 18.564 GC heap before
{Heap before GC invocations=22 (full 0):
 garbage-first heap   total 258048K, used 213638K [0x0000000080000000, 0x0000000100000000)
  region size 1024K, 128 young (131072K), 10 survivors (10240K)
 Metaspace       used 95009K, capacity 97429K, committed 97488K, reserved 1134592K
  class space    used 12244K, capacity 13163K, committed 13184K, reserved 1048576K
}
Event: 18.575 GC heap after
{Heap after GC invocations=23 (full 0):
 garbage-first heap   total 258048K, used 100393K [0x0000000080000000, 0x0000000100000000)
  region size 1024K, 10 young (10240K), 10 survivors (10240K)
 Metaspace       used 95009K, capacity 97429K, committed 97488K, reserved 1134592K
  class space    used 12244K, capacity 13163K, committed 13184K, reserved 1048576K
}
Event: 3902.910 GC heap before
{Heap before GC invocations=23 (full 0):
 garbage-first heap   total 258048K, used 214057K [0x0000000080000000, 0x0000000100000000)
  region size 1024K, 121 young (123904K), 10 survivors (10240K)
 Metaspace       used 96445K, capacity 98835K, committed 98896K, reserved 1134592K
  class space    used 12390K, capacity 13308K, committed 13312K, reserved 1048576K
}
Event: 3902.918 GC heap after
{Heap after GC invocations=24 (full 0):
 garbage-first heap   total 258048K, used 101264K [0x0000000080000000, 0x0000000100000000)
  region size 1024K, 8 young (8192K), 8 survivors (8192K)
 Metaspace       used 96445K, capacity 98835K, committed 98896K, reserved 1134592K
  class space    used 12390K, capacity 13308K, committed 13312K, reserved 1048576K
}

