# JRE version: OpenJDK Runtime Environment (11.0.13) (build 11.0.13+0-b1751.21-8125866)
# Java VM: OpenJDK 64-Bit Server VM (11.0.13+0-b1751.21-8125866, mixed mode, tiered, compressed oops, g1 gc, windows-amd64)
Heap:
 garbage-first heap   total 258048K, used 149576K [0x0000000080000000, 0x0000000100000000)
  region size 1024K, 83 young (84992K), 11 survivors (11264K)
 Metaspace       used 87713K, capacity 89987K, committed 90192K, reserved 1128448K
  class space    used 11394K, capacity 12256K, committed 12288K, reserved 1048576K
GC Heap History (20 events):
Event: 8.512 GC heap before
{Heap before GC invocations=8 (full 0):
 garbage-first heap   total 258048K, used 177833K [0x0000000080000000, 0x0000000100000000)
  region size 1024K, 151 young (154624K), 8 survivors (8192K)
 Metaspace       used 41018K, capacity 41956K, committed 42192K, reserved 1085440K
  class space    used 5122K, capacity 5469K, committed 5504K, reserved 1048576K
}
Event: 8.521 GC heap after
{Heap after GC invocations=9 (full 0):
 garbage-first heap   total 258048K, used 27638K [0x0000000080000000, 0x0000000100000000)
  region size 1024K, 13 young (13312K), 13 survivors (13312K)
 Metaspace       used 41018K, capacity 41956K, committed 42192K, reserved 1085440K
  class space    used 5122K, capacity 5469K, committed 5504K, reserved 1048576K
}
Event: 9.577 GC heap before
{Heap before GC invocations=9 (full 0):
 garbage-first heap   total 258048K, used 170998K [0x0000000080000000, 0x0000000100000000)
  region size 1024K, 151 young (154624K), 13 survivors (13312K)
 Metaspace       used 46688K, capacity 47820K, committed 47952K, reserved 1091584K
  class space    used 5861K, capacity 6277K, committed 6400K, reserved 1048576K
}
Event: 9.586 GC heap after
{Heap after GC invocations=10 (full 0):
 garbage-first heap   total 258048K, used 30278K [0x0000000080000000, 0x0000000100000000)
  region size 1024K, 12 young (12288K), 12 survivors (12288K)
 Metaspace       used 46688K, capacity 47820K, committed 47952K, reserved 1091584K
  class space    used 5861K, capacity 6277K, committed 6400K, reserved 1048576K
}
Event: 13.109 GC heap before
{Heap before GC invocations=10 (full 0):
 garbage-first heap   total 258048K, used 181830K [0x0000000080000000, 0x0000000100000000)
  region size 1024K, 151 young (154624K), 12 survivors (12288K)
 Metaspace       used 50833K, capacity 52226K, committed 52304K, reserved 1095680K
  class space    used 6357K, capacity 6847K, committed 6912K, reserved 1048576K
}
Event: 13.118 GC heap after
{Heap after GC invocations=11 (full 0):
 garbage-first heap   total 258048K, used 49437K [0x0000000080000000, 0x0000000100000000)
  region size 1024K, 19 young (19456K), 19 survivors (19456K)
 Metaspace       used 50833K, capacity 52226K, committed 52304K, reserved 1095680K
  class space    used 6357K, capacity 6847K, committed 6912K, reserved 1048576K
}
Event: 14.014 GC heap before
{Heap before GC invocations=11 (full 0):
 garbage-first heap   total 258048K, used 184605K [0x0000000080000000, 0x0000000100000000)
  region size 1024K, 151 young (154624K), 19 survivors (19456K)
 Metaspace       used 57690K, capacity 59159K, committed 59344K, reserved 1101824K
  class space    used 7181K, capacity 7691K, committed 7808K, reserved 1048576K
}
Event: 14.023 GC heap after
{Heap after GC invocations=12 (full 0):
 garbage-first heap   total 258048K, used 51141K [0x0000000080000000, 0x0000000100000000)
  region size 1024K, 12 young (12288K), 12 survivors (12288K)
 Metaspace       used 57690K, capacity 59159K, committed 59344K, reserved 1101824K
  class space    used 7181K, capacity 7691K, committed 7808K, reserved 1048576K
}
Event: 14.240 GC heap before
{Heap before GC invocations=12 (full 0):
 garbage-first heap   total 258048K, used 73669K [0x0000000080000000, 0x0000000100000000)
  region size 1024K, 35 young (35840K), 12 survivors (12288K)
 Metaspace       used 58697K, capacity 60166K, committed 60240K, reserved 1101824K
  class space    used 7344K, capacity 7878K, committed 7936K, reserved 1048576K
}
Event: 14.252 GC heap after
{Heap after GC invocations=13 (full 0):
 garbage-first heap   total 258048K, used 51887K [0x0000000080000000, 0x0000000100000000)
  region size 1024K, 3 young (3072K), 3 survivors (3072K)
 Metaspace       used 58697K, capacity 60166K, committed 60240K, reserved 1101824K
  class space    used 7344K, capacity 7878K, committed 7936K, reserved 1048576K
}
Event: 15.349 GC heap before
{Heap before GC invocations=14 (full 0):
 garbage-first heap   total 258048K, used 203439K [0x0000000080000000, 0x0000000100000000)
  region size 1024K, 145 young (148480K), 3 survivors (3072K)
 Metaspace       used 64858K, capacity 66425K, committed 66768K, reserved 1107968K
  class space    used 8107K, capacity 8706K, committed 8832K, reserved 1048576K
}
Event: 15.356 GC heap after
{Heap after GC invocations=15 (full 0):
 garbage-first heap   total 258048K, used 57501K [0x0000000080000000, 0x0000000100000000)
  region size 1024K, 9 young (9216K), 9 survivors (9216K)
 Metaspace       used 64858K, capacity 66425K, committed 66768K, reserved 1107968K
  class space    used 8107K, capacity 8706K, committed 8832K, reserved 1048576K
}
Event: 16.552 GC heap before
{Heap before GC invocations=15 (full 0):
 garbage-first heap   total 258048K, used 201885K [0x0000000080000000, 0x0000000100000000)
  region size 1024K, 149 young (152576K), 9 survivors (9216K)
 Metaspace       used 69126K, capacity 70768K, committed 70864K, reserved 1112064K
  class space    used 8666K, capacity 9273K, committed 9344K, reserved 1048576K
}
Event: 16.561 GC heap after
{Heap after GC invocations=16 (full 0):
 garbage-first heap   total 258048K, used 62607K [0x0000000080000000, 0x0000000100000000)
  region size 1024K, 14 young (14336K), 14 survivors (14336K)
 Metaspace       used 69126K, capacity 70768K, committed 70864K, reserved 1112064K
  class space    used 8666K, capacity 9273K, committed 9344K, reserved 1048576K
}
Event: 17.789 GC heap before
{Heap before GC invocations=16 (full 0):
 garbage-first heap   total 258048K, used 202895K [0x0000000080000000, 0x0000000100000000)
  region size 1024K, 151 young (154624K), 14 survivors (14336K)
 Metaspace       used 75107K, capacity 76835K, committed 77008K, reserved 1116160K
  class space    used 9595K, capacity 10249K, committed 10368K, reserved 1048576K
}
Event: 17.801 GC heap after
{Heap after GC invocations=17 (full 0):
 garbage-first heap   total 258048K, used 67143K [0x0000000080000000, 0x0000000100000000)
  region size 1024K, 10 young (10240K), 10 survivors (10240K)
 Metaspace       used 75107K, capacity 76835K, committed 77008K, reserved 1116160K
  class space    used 9595K, capacity 10249K, committed 10368K, reserved 1048576K
}
Event: 19.169 GC heap before
{Heap before GC invocations=17 (full 0):
 garbage-first heap   total 258048K, used 208455K [0x0000000080000000, 0x0000000100000000)
  region size 1024K, 148 young (151552K), 10 survivors (10240K)
 Metaspace       used 79880K, capacity 81672K, committed 81744K, reserved 1120256K
  class space    used 10253K, capacity 10942K, committed 11008K, reserved 1048576K
}
Event: 19.182 GC heap after
{Heap after GC invocations=18 (full 0):
 garbage-first heap   total 258048K, used 72503K [0x0000000080000000, 0x0000000100000000)
  region size 1024K, 16 young (16384K), 16 survivors (16384K)
 Metaspace       used 79880K, capacity 81672K, committed 81744K, reserved 1120256K
  class space    used 10253K, capacity 10942K, committed 11008K, reserved 1048576K
}
Event: 21.232 GC heap before
{Heap before GC invocations=18 (full 0):
 garbage-first heap   total 258048K, used 208695K [0x0000000080000000, 0x0000000100000000)
  region size 1024K, 149 young (152576K), 16 survivors (16384K)
 Metaspace       used 85766K, capacity 87716K, committed 88016K, reserved 1126400K
  class space    used 11096K, capacity 11826K, committed 11904K, reserved 1048576K
}
Event: 21.250 GC heap after
{Heap after GC invocations=19 (full 0):
 garbage-first heap   total 258048K, used 76872K [0x0000000080000000, 0x0000000100000000)
  region size 1024K, 11 young (11264K), 11 survivors (11264K)
 Metaspace       used 85766K, capacity 87716K, committed 88016K, reserved 1126400K
  class space    used 11096K, capacity 11826K, committed 11904K, reserved 1048576K
}

