# JRE version: OpenJDK Runtime Environment (11.0.13) (build 11.0.13+0-b1751.21-8125866)
# Java VM: OpenJDK 64-Bit Server VM (11.0.13+0-b1751.21-8125866, mixed mode, tiered, compressed oops, g1 gc, windows-amd64)
Heap:
 garbage-first heap   total 258048K, used 119576K [0x0000000080000000, 0x0000000100000000)
  region size 1024K, 15 young (15360K), 11 survivors (11264K)
 Metaspace       used 109213K, capacity 111911K, committed 112040K, reserved 1148928K
  class space    used 13934K, capacity 15040K, committed 15104K, reserved 1048576K
GC Heap History (20 events):
Event: 19.443 GC heap before
{Heap before GC invocations=18 (full 0):
 garbage-first heap   total 258048K, used 210580K [0x0000000080000000, 0x0000000100000000)
  region size 1024K, 149 young (152576K), 10 survivors (10240K)
 Metaspace       used 80202K, capacity 81988K, committed 82256K, reserved 1120256K
  class space    used 10299K, capacity 10981K, committed 11008K, reserved 1048576K
}
Event: 19.455 GC heap after
{Heap after GC invocations=19 (full 0):
 garbage-first heap   total 258048K, used 73602K [0x0000000080000000, 0x0000000100000000)
  region size 1024K, 16 young (16384K), 16 survivors (16384K)
 Metaspace       used 80202K, capacity 81988K, committed 82256K, reserved 1120256K
  class space    used 10299K, capacity 10981K, committed 11008K, reserved 1048576K
}
Event: 20.491 GC heap before
{Heap before GC invocations=19 (full 0):
 garbage-first heap   total 258048K, used 211842K [0x0000000080000000, 0x0000000100000000)
  region size 1024K, 151 young (154624K), 16 survivors (16384K)
 Metaspace       used 86287K, capacity 88259K, committed 88400K, reserved 1126400K
  class space    used 11223K, capacity 11987K, committed 12032K, reserved 1048576K
}
Event: 20.506 GC heap after
{Heap after GC invocations=20 (full 0):
 garbage-first heap   total 258048K, used 78675K [0x0000000080000000, 0x0000000100000000)
  region size 1024K, 15 young (15360K), 15 survivors (15360K)
 Metaspace       used 86287K, capacity 88259K, committed 88400K, reserved 1126400K
  class space    used 11223K, capacity 11987K, committed 12032K, reserved 1048576K
}
Event: 22.293 GC heap before
{Heap before GC invocations=20 (full 0):
 garbage-first heap   total 258048K, used 214867K [0x0000000080000000, 0x0000000100000000)
  region size 1024K, 146 young (149504K), 15 survivors (15360K)
 Metaspace       used 89160K, capacity 91377K, committed 91728K, reserved 1128448K
  class space    used 11509K, capacity 12430K, committed 12544K, reserved 1048576K
}
Event: 22.313 GC heap after
{Heap after GC invocations=21 (full 0):
 garbage-first heap   total 258048K, used 93513K [0x0000000080000000, 0x0000000100000000)
  region size 1024K, 18 young (18432K), 18 survivors (18432K)
 Metaspace       used 89160K, capacity 91377K, committed 91728K, reserved 1128448K
  class space    used 11509K, capacity 12430K, committed 12544K, reserved 1048576K
}
Event: 23.464 GC heap before
{Heap before GC invocations=21 (full 0):
 garbage-first heap   total 258048K, used 225609K [0x0000000080000000, 0x0000000100000000)
  region size 1024K, 131 young (134144K), 18 survivors (18432K)
 Metaspace       used 92863K, capacity 95103K, committed 95440K, reserved 1132544K
  class space    used 11903K, capacity 12822K, committed 12928K, reserved 1048576K
}
Event: 23.475 GC heap after
{Heap after GC invocations=22 (full 0):
 garbage-first heap   total 258048K, used 87805K [0x0000000080000000, 0x0000000100000000)
  region size 1024K, 3 young (3072K), 3 survivors (3072K)
 Metaspace       used 92863K, capacity 95103K, committed 95440K, reserved 1132544K
  class space    used 11903K, capacity 12822K, committed 12928K, reserved 1048576K
}
Event: 24.768 GC heap before
{Heap before GC invocations=22 (full 0):
 garbage-first heap   total 258048K, used 210685K [0x0000000080000000, 0x0000000100000000)
  region size 1024K, 123 young (125952K), 3 survivors (3072K)
 Metaspace       used 96200K, capacity 98504K, committed 98640K, reserved 1134592K
  class space    used 12303K, capacity 13223K, committed 13312K, reserved 1048576K
}
Event: 24.774 GC heap after
{Heap after GC invocations=23 (full 0):
 garbage-first heap   total 258048K, used 88636K [0x0000000080000000, 0x0000000100000000)
  region size 1024K, 4 young (4096K), 4 survivors (4096K)
 Metaspace       used 96200K, capacity 98504K, committed 98640K, reserved 1134592K
  class space    used 12303K, capacity 13223K, committed 13312K, reserved 1048576K
}
Event: 25.778 GC heap before
{Heap before GC invocations=23 (full 0):
 garbage-first heap   total 258048K, used 212540K [0x0000000080000000, 0x0000000100000000)
  region size 1024K, 126 young (129024K), 4 survivors (4096K)
 Metaspace       used 98517K, capacity 100827K, committed 100944K, reserved 1136640K
  class space    used 12557K, capacity 13453K, committed 13568K, reserved 1048576K
}
Event: 25.787 GC heap after
{Heap after GC invocations=24 (full 0):
 garbage-first heap   total 258048K, used 93669K [0x0000000080000000, 0x0000000100000000)
  region size 1024K, 9 young (9216K), 9 survivors (9216K)
 Metaspace       used 98517K, capacity 100827K, committed 100944K, reserved 1136640K
  class space    used 12557K, capacity 13453K, committed 13568K, reserved 1048576K
}
Event: 29.724 GC heap before
{Heap before GC invocations=24 (full 0):
 garbage-first heap   total 258048K, used 212453K [0x0000000080000000, 0x0000000100000000)
  region size 1024K, 126 young (129024K), 9 survivors (9216K)
 Metaspace       used 99711K, capacity 102074K, committed 102352K, reserved 1138688K
  class space    used 12664K, capacity 13586K, committed 13696K, reserved 1048576K
}
Event: 29.737 GC heap after
{Heap after GC invocations=25 (full 0):
 garbage-first heap   total 258048K, used 103564K [0x0000000080000000, 0x0000000100000000)
  region size 1024K, 16 young (16384K), 16 survivors (16384K)
 Metaspace       used 99711K, capacity 102074K, committed 102352K, reserved 1138688K
  class space    used 12664K, capacity 13586K, committed 13696K, reserved 1048576K
}
Event: 31.121 GC heap before
{Heap before GC invocations=25 (full 0):
 garbage-first heap   total 258048K, used 210060K [0x0000000080000000, 0x0000000100000000)
  region size 1024K, 121 young (123904K), 16 survivors (16384K)
 Metaspace       used 102575K, capacity 104887K, committed 105168K, reserved 1140736K
  class space    used 13004K, capacity 13924K, committed 13952K, reserved 1048576K
}
Event: 31.130 GC heap after
{Heap after GC invocations=26 (full 0):
 garbage-first heap   total 258048K, used 107352K [0x0000000080000000, 0x0000000100000000)
  region size 1024K, 6 young (6144K), 6 survivors (6144K)
 Metaspace       used 102575K, capacity 104887K, committed 105168K, reserved 1140736K
  class space    used 13004K, capacity 13924K, committed 13952K, reserved 1048576K
}
Event: 42.823 GC heap before
{Heap before GC invocations=26 (full 0):
 garbage-first heap   total 258048K, used 210776K [0x0000000080000000, 0x0000000100000000)
  region size 1024K, 108 young (110592K), 6 survivors (6144K)
 Metaspace       used 105926K, capacity 108453K, committed 108624K, reserved 1142784K
  class space    used 13477K, capacity 14498K, committed 14592K, reserved 1048576K
}
Event: 42.832 GC heap after
{Heap after GC invocations=27 (full 0):
 garbage-first heap   total 258048K, used 111259K [0x0000000080000000, 0x0000000100000000)
  region size 1024K, 10 young (10240K), 10 survivors (10240K)
 Metaspace       used 105926K, capacity 108453K, committed 108624K, reserved 1142784K
  class space    used 13477K, capacity 14498K, committed 14592K, reserved 1048576K
}
Event: 43.409 GC heap before
{Heap before GC invocations=27 (full 0):
 garbage-first heap   total 258048K, used 198299K [0x0000000080000000, 0x0000000100000000)
  region size 1024K, 95 young (97280K), 10 survivors (10240K)
 Metaspace       used 108953K, capacity 111669K, committed 111708K, reserved 1146880K
  class space    used 13893K, capacity 14976K, committed 14976K, reserved 1048576K
}
Event: 43.429 GC heap after
{Heap after GC invocations=28 (full 0):
 garbage-first heap   total 258048K, used 116504K [0x0000000080000000, 0x0000000100000000)
  region size 1024K, 11 young (11264K), 11 survivors (11264K)
 Metaspace       used 108953K, capacity 111669K, committed 111708K, reserved 1146880K
  class space    used 13893K, capacity 14976K, committed 14976K, reserved 1048576K
}

